{'base_lr': 0.001,
 'batch_size': 24,
 'cfg': 'config_2d_aut.yml',
 'consistency': 2.0,
 'consistency_rampup': 50,
 'deterministic': False,
 'exp': 'ACDC_runs/vcps_hs',
 'gpu_id': 1,
 'is_hs': True,
 'labeled_bs': 12,
 'labeled_num': 3,
 'max_iterations': 30000,
 'model1': 'unet_hsseg',
 'model2': 'unet_hsseg',
 'num_classes': 4,
 'patch_size': [256, 256],
 'poly': True,
 'res_path': './results/ACDC',
 'root_path': '/home/chenyu/SSMIS/data/ACDC',
 'save_interval_epoch': 1000000,
 'seed': 2025,
 'test_interval_ep': 2}
total 1312 samples
total 20 samples
Total silices is: 1312, labeled slices is: 68
103 iterations per epoch
  0%|                                         | 0/292 [00:00<?, ?it/s]iteration:1  t-loss1/2:4.5980/4.4152, loss-lb1/2:4.5980/4.4152, loss-ulb1/2:0.0000/0.0000, weight:0.01, lr:0.0010
iteration:2  t-loss1/2:3.8616/3.7855, loss-lb1/2:3.8616/3.7855, loss-ulb1/2:0.0000/0.0000, weight:0.01, lr:0.0010
iteration:3  t-loss1/2:3.2739/3.1320, loss-lb1/2:3.2739/3.1320, loss-ulb1/2:0.0000/0.0000, weight:0.01, lr:0.0010
iteration:4  t-loss1/2:2.9312/2.6124, loss-lb1/2:2.9312/2.6124, loss-ulb1/2:0.0000/0.0000, weight:0.01, lr:0.0010
iteration:5  t-loss1/2:2.5891/2.3361, loss-lb1/2:2.5891/2.3361, loss-ulb1/2:0.0000/0.0000, weight:0.01, lr:0.0010
iteration:6  t-loss1/2:2.3624/2.0777, loss-lb1/2:2.3624/2.0777, loss-ulb1/2:0.0000/0.0000, weight:0.01, lr:0.0010
iteration:7  t-loss1/2:2.2894/1.9940, loss-lb1/2:2.2894/1.9940, loss-ulb1/2:0.0000/0.0000, weight:0.01, lr:0.0010
iteration:8  t-loss1/2:2.1193/1.8506, loss-lb1/2:2.1193/1.8506, loss-ulb1/2:0.0000/0.0000, weight:0.01, lr:0.0010
iteration:9  t-loss1/2:2.0650/1.7696, loss-lb1/2:2.0650/1.7696, loss-ulb1/2:0.0000/0.0000, weight:0.01, lr:0.0010
iteration:10  t-loss1/2:1.8837/1.6821, loss-lb1/2:1.8837/1.6821, loss-ulb1/2:0.0000/0.0000, weight:0.01, lr:0.0010
iteration:11  t-loss1/2:1.8064/1.5885, loss-lb1/2:1.8064/1.5885, loss-ulb1/2:0.0000/0.0000, weight:0.01, lr:0.0010
iteration:12  t-loss1/2:1.7479/1.5260, loss-lb1/2:1.7479/1.5260, loss-ulb1/2:0.0000/0.0000, weight:0.01, lr:0.0010
iteration:13  t-loss1/2:1.6955/1.4932, loss-lb1/2:1.6955/1.4932, loss-ulb1/2:0.0000/0.0000, weight:0.01, lr:0.0010
iteration:14  t-loss1/2:1.6278/1.4526, loss-lb1/2:1.6278/1.4526, loss-ulb1/2:0.0000/0.0000, weight:0.01, lr:0.0010
iteration:15  t-loss1/2:1.6025/1.4009, loss-lb1/2:1.6025/1.4009, loss-ulb1/2:0.0000/0.0000, weight:0.01, lr:0.0010
iteration:16  t-loss1/2:1.6493/1.3730, loss-lb1/2:1.6493/1.3730, loss-ulb1/2:0.0000/0.0000, weight:0.01, lr:0.0010
iteration:17  t-loss1/2:1.6207/1.4571, loss-lb1/2:1.6207/1.4571, loss-ulb1/2:0.0000/0.0000, weight:0.01, lr:0.0010
iteration:18  t-loss1/2:1.5613/1.2963, loss-lb1/2:1.5613/1.2963, loss-ulb1/2:0.0000/0.0000, weight:0.01, lr:0.0010
iteration:19  t-loss1/2:1.6544/1.3451, loss-lb1/2:1.6544/1.3451, loss-ulb1/2:0.0000/0.0000, weight:0.01, lr:0.0010
iteration:20  t-loss1/2:1.4122/1.1888, loss-lb1/2:1.4122/1.1888, loss-ulb1/2:0.0000/0.0000, weight:0.01, lr:0.0010
iteration:21  t-loss1/2:1.3954/1.2236, loss-lb1/2:1.3954/1.2236, loss-ulb1/2:0.0000/0.0000, weight:0.01, lr:0.0010
iteration:22  t-loss1/2:1.3817/1.1256, loss-lb1/2:1.3817/1.1256, loss-ulb1/2:0.0000/0.0000, weight:0.01, lr:0.0010
iteration:23  t-loss1/2:1.2734/1.0786, loss-lb1/2:1.2734/1.0786, loss-ulb1/2:0.0000/0.0000, weight:0.01, lr:0.0010
iteration:24  t-loss1/2:1.1724/1.0140, loss-lb1/2:1.1724/1.0140, loss-ulb1/2:0.0000/0.0000, weight:0.01, lr:0.0010
iteration:25  t-loss1/2:1.1785/1.0976, loss-lb1/2:1.1785/1.0976, loss-ulb1/2:0.0000/0.0000, weight:0.01, lr:0.0010
iteration:26  t-loss1/2:1.3419/1.1569, loss-lb1/2:1.3419/1.1569, loss-ulb1/2:0.0000/0.0000, weight:0.01, lr:0.0010
iteration:27  t-loss1/2:1.1106/1.0786, loss-lb1/2:1.1106/1.0786, loss-ulb1/2:0.0000/0.0000, weight:0.01, lr:0.0010
iteration:28  t-loss1/2:1.0604/1.1647, loss-lb1/2:1.0604/1.1647, loss-ulb1/2:0.0000/0.0000, weight:0.01, lr:0.0010
iteration:29  t-loss1/2:1.0724/1.0607, loss-lb1/2:1.0724/1.0607, loss-ulb1/2:0.0000/0.0000, weight:0.01, lr:0.0010
iteration:30  t-loss1/2:0.9938/1.0603, loss-lb1/2:0.9938/1.0603, loss-ulb1/2:0.0000/0.0000, weight:0.01, lr:0.0010
iteration:31  t-loss1/2:0.9631/0.9436, loss-lb1/2:0.9631/0.9436, loss-ulb1/2:0.0000/0.0000, weight:0.01, lr:0.0010
iteration:32  t-loss1/2:0.9654/0.9396, loss-lb1/2:0.9654/0.9396, loss-ulb1/2:0.0000/0.0000, weight:0.01, lr:0.0010
iteration:33  t-loss1/2:0.9946/0.9324, loss-lb1/2:0.9946/0.9324, loss-ulb1/2:0.0000/0.0000, weight:0.01, lr:0.0010
iteration:34  t-loss1/2:1.0841/1.0275, loss-lb1/2:1.0841/1.0275, loss-ulb1/2:0.0000/0.0000, weight:0.01, lr:0.0010
iteration:35  t-loss1/2:0.8835/0.9281, loss-lb1/2:0.8835/0.9281, loss-ulb1/2:0.0000/0.0000, weight:0.01, lr:0.0010
iteration:36  t-loss1/2:0.8755/0.8190, loss-lb1/2:0.8755/0.8190, loss-ulb1/2:0.0000/0.0000, weight:0.01, lr:0.0010
iteration:37  t-loss1/2:1.0023/0.8543, loss-lb1/2:1.0023/0.8543, loss-ulb1/2:0.0000/0.0000, weight:0.01, lr:0.0010
iteration:38  t-loss1/2:0.9054/0.8840, loss-lb1/2:0.9054/0.8840, loss-ulb1/2:0.0000/0.0000, weight:0.01, lr:0.0010
iteration:39  t-loss1/2:0.9580/1.0134, loss-lb1/2:0.9580/1.0134, loss-ulb1/2:0.0000/0.0000, weight:0.01, lr:0.0010
iteration:40  t-loss1/2:0.8680/0.7886, loss-lb1/2:0.8680/0.7886, loss-ulb1/2:0.0000/0.0000, weight:0.01, lr:0.0010
iteration:41  t-loss1/2:0.8591/0.7190, loss-lb1/2:0.8591/0.7190, loss-ulb1/2:0.0000/0.0000, weight:0.01, lr:0.0010
iteration:42  t-loss1/2:0.8284/0.6974, loss-lb1/2:0.8284/0.6974, loss-ulb1/2:0.0000/0.0000, weight:0.01, lr:0.0010
iteration:43  t-loss1/2:0.8701/0.7244, loss-lb1/2:0.8701/0.7244, loss-ulb1/2:0.0000/0.0000, weight:0.01, lr:0.0010
iteration:44  t-loss1/2:0.8434/0.8276, loss-lb1/2:0.8434/0.8276, loss-ulb1/2:0.0000/0.0000, weight:0.01, lr:0.0010
iteration:45  t-loss1/2:0.7020/0.6953, loss-lb1/2:0.7020/0.6953, loss-ulb1/2:0.0000/0.0000, weight:0.01, lr:0.0010
iteration:46  t-loss1/2:0.7506/0.6453, loss-lb1/2:0.7506/0.6453, loss-ulb1/2:0.0000/0.0000, weight:0.01, lr:0.0010
iteration:47  t-loss1/2:0.7525/0.6422, loss-lb1/2:0.7525/0.6422, loss-ulb1/2:0.0000/0.0000, weight:0.01, lr:0.0010
iteration:48  t-loss1/2:0.7217/0.6586, loss-lb1/2:0.7217/0.6586, loss-ulb1/2:0.0000/0.0000, weight:0.01, lr:0.0010
iteration:49  t-loss1/2:0.6798/0.6186, loss-lb1/2:0.6798/0.6186, loss-ulb1/2:0.0000/0.0000, weight:0.01, lr:0.0010
iteration:50  t-loss1/2:0.7403/0.5929, loss-lb1/2:0.7403/0.5929, loss-ulb1/2:0.0000/0.0000, weight:0.01, lr:0.0010
iteration:51  t-loss1/2:0.8374/0.6680, loss-lb1/2:0.8374/0.6680, loss-ulb1/2:0.0000/0.0000, weight:0.01, lr:0.0010
iteration:52  t-loss1/2:0.6506/0.5766, loss-lb1/2:0.6506/0.5766, loss-ulb1/2:0.0000/0.0000, weight:0.01, lr:0.0010
iteration:53  t-loss1/2:0.7044/0.6279, loss-lb1/2:0.7044/0.6279, loss-ulb1/2:0.0000/0.0000, weight:0.01, lr:0.0010
iteration:54  t-loss1/2:0.6513/0.5411, loss-lb1/2:0.6513/0.5411, loss-ulb1/2:0.0000/0.0000, weight:0.01, lr:0.0010
iteration:55  t-loss1/2:0.6740/0.5818, loss-lb1/2:0.6740/0.5818, loss-ulb1/2:0.0000/0.0000, weight:0.01, lr:0.0010
iteration:56  t-loss1/2:0.7446/0.6849, loss-lb1/2:0.7446/0.6849, loss-ulb1/2:0.0000/0.0000, weight:0.01, lr:0.0010
iteration:57  t-loss1/2:0.7815/0.5745, loss-lb1/2:0.7815/0.5745, loss-ulb1/2:0.0000/0.0000, weight:0.01, lr:0.0010
iteration:58  t-loss1/2:0.7354/0.7163, loss-lb1/2:0.7354/0.7163, loss-ulb1/2:0.0000/0.0000, weight:0.01, lr:0.0010
iteration:59  t-loss1/2:0.5752/0.7071, loss-lb1/2:0.5752/0.7071, loss-ulb1/2:0.0000/0.0000, weight:0.01, lr:0.0010
iteration:60  t-loss1/2:0.6579/0.5801, loss-lb1/2:0.6579/0.5801, loss-ulb1/2:0.0000/0.0000, weight:0.01, lr:0.0010
iteration:61  t-loss1/2:0.6454/0.6992, loss-lb1/2:0.6454/0.6992, loss-ulb1/2:0.0000/0.0000, weight:0.01, lr:0.0010
iteration:62  t-loss1/2:0.6209/0.6625, loss-lb1/2:0.6209/0.6625, loss-ulb1/2:0.0000/0.0000, weight:0.01, lr:0.0010
iteration:63  t-loss1/2:0.4654/0.5042, loss-lb1/2:0.4654/0.5042, loss-ulb1/2:0.0000/0.0000, weight:0.01, lr:0.0010
iteration:64  t-loss1/2:0.7643/0.6596, loss-lb1/2:0.7643/0.6596, loss-ulb1/2:0.0000/0.0000, weight:0.01, lr:0.0010
iteration:65  t-loss1/2:0.4538/0.4910, loss-lb1/2:0.4538/0.4910, loss-ulb1/2:0.0000/0.0000, weight:0.01, lr:0.0010
iteration:66  t-loss1/2:0.6581/0.5703, loss-lb1/2:0.6581/0.5703, loss-ulb1/2:0.0000/0.0000, weight:0.01, lr:0.0010
iteration:67  t-loss1/2:0.5461/0.5487, loss-lb1/2:0.5461/0.5487, loss-ulb1/2:0.0000/0.0000, weight:0.01, lr:0.0010
iteration:68  t-loss1/2:0.6230/0.5955, loss-lb1/2:0.6230/0.5955, loss-ulb1/2:0.0000/0.0000, weight:0.01, lr:0.0010
iteration:69  t-loss1/2:0.4617/0.4341, loss-lb1/2:0.4617/0.4341, loss-ulb1/2:0.0000/0.0000, weight:0.01, lr:0.0010
iteration:70  t-loss1/2:0.6016/0.6312, loss-lb1/2:0.6016/0.6312, loss-ulb1/2:0.0000/0.0000, weight:0.01, lr:0.0010
iteration:71  t-loss1/2:0.6798/0.5299, loss-lb1/2:0.6798/0.5299, loss-ulb1/2:0.0000/0.0000, weight:0.01, lr:0.0010
iteration:72  t-loss1/2:0.5105/0.5577, loss-lb1/2:0.5105/0.5577, loss-ulb1/2:0.0000/0.0000, weight:0.01, lr:0.0010
iteration:73  t-loss1/2:0.5996/0.5357, loss-lb1/2:0.5996/0.5357, loss-ulb1/2:0.0000/0.0000, weight:0.01, lr:0.0010
iteration:74  t-loss1/2:0.4438/0.4602, loss-lb1/2:0.4438/0.4602, loss-ulb1/2:0.0000/0.0000, weight:0.01, lr:0.0010
iteration:75  t-loss1/2:0.4737/0.4822, loss-lb1/2:0.4737/0.4822, loss-ulb1/2:0.0000/0.0000, weight:0.01, lr:0.0010
iteration:76  t-loss1/2:0.5492/0.6267, loss-lb1/2:0.5492/0.6267, loss-ulb1/2:0.0000/0.0000, weight:0.01, lr:0.0010
iteration:77  t-loss1/2:0.5343/0.6270, loss-lb1/2:0.5343/0.6270, loss-ulb1/2:0.0000/0.0000, weight:0.01, lr:0.0010
iteration:78  t-loss1/2:0.4845/0.4954, loss-lb1/2:0.4845/0.4954, loss-ulb1/2:0.0000/0.0000, weight:0.01, lr:0.0010
iteration:79  t-loss1/2:0.4388/0.4324, loss-lb1/2:0.4388/0.4324, loss-ulb1/2:0.0000/0.0000, weight:0.01, lr:0.0010
iteration:80  t-loss1/2:0.3916/0.4483, loss-lb1/2:0.3916/0.4483, loss-ulb1/2:0.0000/0.0000, weight:0.01, lr:0.0010
iteration:81  t-loss1/2:0.4219/0.4432, loss-lb1/2:0.4219/0.4432, loss-ulb1/2:0.0000/0.0000, weight:0.01, lr:0.0010
iteration:82  t-loss1/2:0.4700/0.5226, loss-lb1/2:0.4700/0.5226, loss-ulb1/2:0.0000/0.0000, weight:0.01, lr:0.0010
iteration:83  t-loss1/2:0.4180/0.5088, loss-lb1/2:0.4180/0.5088, loss-ulb1/2:0.0000/0.0000, weight:0.01, lr:0.0010
iteration:84  t-loss1/2:0.4234/0.4400, loss-lb1/2:0.4234/0.4400, loss-ulb1/2:0.0000/0.0000, weight:0.01, lr:0.0010
iteration:85  t-loss1/2:0.4512/0.4308, loss-lb1/2:0.4512/0.4308, loss-ulb1/2:0.0000/0.0000, weight:0.01, lr:0.0010
iteration:86  t-loss1/2:0.3888/0.4478, loss-lb1/2:0.3888/0.4478, loss-ulb1/2:0.0000/0.0000, weight:0.01, lr:0.0010
iteration:87  t-loss1/2:0.4001/0.4586, loss-lb1/2:0.4001/0.4586, loss-ulb1/2:0.0000/0.0000, weight:0.01, lr:0.0010
iteration:88  t-loss1/2:0.4205/0.4484, loss-lb1/2:0.4205/0.4484, loss-ulb1/2:0.0000/0.0000, weight:0.01, lr:0.0010
iteration:89  t-loss1/2:0.3571/0.3908, loss-lb1/2:0.3571/0.3908, loss-ulb1/2:0.0000/0.0000, weight:0.01, lr:0.0010
iteration:90  t-loss1/2:0.3570/0.4221, loss-lb1/2:0.3570/0.4221, loss-ulb1/2:0.0000/0.0000, weight:0.01, lr:0.0010
iteration:91  t-loss1/2:0.4445/0.3751, loss-lb1/2:0.4445/0.3751, loss-ulb1/2:0.0000/0.0000, weight:0.01, lr:0.0010
iteration:92  t-loss1/2:0.4608/0.4502, loss-lb1/2:0.4608/0.4502, loss-ulb1/2:0.0000/0.0000, weight:0.01, lr:0.0010
iteration:93  t-loss1/2:0.3969/0.3978, loss-lb1/2:0.3969/0.3978, loss-ulb1/2:0.0000/0.0000, weight:0.01, lr:0.0010
iteration:94  t-loss1/2:0.3562/0.4163, loss-lb1/2:0.3562/0.4163, loss-ulb1/2:0.0000/0.0000, weight:0.01, lr:0.0010
